{
  "RSpec": {
    "coverage": {
      "/home/ubuntu/workspace/TicketExchange/app/helpers/application_helper.rb": [
        1,
        null
      ],
      "/home/ubuntu/workspace/TicketExchange/app/helpers/sessions_helper.rb": [
        1,
        null
      ],
      "/home/ubuntu/workspace/TicketExchange/app/helpers/users_helper.rb": [
        1,
        null
      ],
      "/home/ubuntu/workspace/TicketExchange/app/helpers/welcome_helper.rb": [
        1,
        null
      ],
      "/home/ubuntu/workspace/TicketExchange/app/controllers/games_controller.rb": [
        1,
        1,
        null
      ],
      "/home/ubuntu/workspace/TicketExchange/app/controllers/application_controller.rb": [
        1,
        null,
        null,
        1,
        null,
        1,
        1,
        8,
        null,
        null,
        null,
        1,
        0,
        null,
        null
      ],
      "/home/ubuntu/workspace/TicketExchange/app/controllers/sessions_controller.rb": [
        1,
        1,
        null,
        1,
        3,
        3,
        1,
        1,
        1,
        null,
        2,
        2,
        null,
        null,
        null,
        1,
        1,
        1,
        1,
        1,
        null,
        null
      ],
      "/home/ubuntu/workspace/TicketExchange/app/controllers/tickets_controller.rb": [
        1,
        1,
        null,
        1,
        1,
        1,
        null,
        null,
        1,
        1,
        null,
        null,
        1,
        2,
        2,
        0,
        0,
        0,
        null,
        2,
        2,
        null,
        null,
        null,
        1,
        1,
        2,
        null,
        null
      ],
      "/home/ubuntu/workspace/TicketExchange/app/controllers/users_controller.rb": [
        1,
        1,
        null,
        1,
        1,
        null,
        null,
        1,
        3,
        3,
        2,
        2,
        null,
        1,
        null,
        null,
        null,
        1,
        1,
        3,
        null,
        null
      ],
      "/home/ubuntu/workspace/TicketExchange/app/controllers/welcome_controller.rb": [
        1,
        1,
        null,
        1,
        null,
        1,
        1,
        null,
        null,
        1,
        3,
        1,
        1,
        null,
        2,
        2,
        1,
        1,
        null,
        1,
        null,
        null,
        null,
        null,
        null,
        null
      ],
      "/home/ubuntu/workspace/TicketExchange/app/models/ticket.rb": [
        1,
        1,
        1,
        null,
        1,
        null,
        1,
        1,
        null,
        null
      ],
      "/home/ubuntu/workspace/TicketExchange/app/models/user.rb": [
        1,
        1,
        1,
        null,
        1,
        3,
        1,
        3,
        1,
        1,
        1,
        1,
        1,
        null,
        1,
        1,
        2,
        null,
        null
      ],
      "/home/ubuntu/workspace/TicketExchange/app/models/game.rb": [
        1,
        1,
        1,
        null
      ]
    },
    "timestamp": 1478533798
  }
}
